<?xml version="1.0" encoding="UTF-8"?>
<testsuite name="authorization.Authorization" tests="1" skipped="0" failures="0" errors="0" timestamp="2022-10-21T07:21:41" hostname="MBP-Andrej.portgm.welcome.moscow" time="5.792">
  <properties/>
  <testcase name="successfulAuthorization()" classname="authorization.Authorization" time="5.792"/>
  <system-out><![CDATA[]]></system-out>
  <system-err><![CDATA[SLF4J: No SLF4J providers were found.
SLF4J: Defaulting to no-operation (NOP) logger implementation
SLF4J: See https://www.slf4j.org/codes.html#noProviders for further details.
Starting ChromeDriver 106.0.5249.61 (511755355844955cd3e264779baf0dd38212a4d0-refs/branch-heads/5249@{#569}) on port 52751
Only local connections are allowed.
Please see https://chromedriver.chromium.org/security-considerations for suggestions on keeping ChromeDriver safe.
ChromeDriver was started successfully.
окт. 21, 2022 10:21:45 AM org.openqa.selenium.remote.ProtocolHandshake createSession
INFO: Detected upstream dialect: W3C
окт. 21, 2022 10:21:45 AM org.openqa.selenium.devtools.CdpVersionFinder findNearestMatch
INFO: Found exact CDP implementation for version 106
]]></system-err>
</testsuite>
